# JRE version: Java(TM) SE Runtime Environment (11.0+28) (build 11+28)
# Java VM: Java HotSpot(TM) 64-Bit Server VM (11+28, mixed mode, tiered, compressed oops, g1 gc, linux-amd64)
Heap:
 garbage-first heap   total 155648K, used 30295K [0x00000000c0000000, 0x0000000100000000)
  region size 1024K, 1 young (1024K), 1 survivors (1024K)
 Metaspace       used 47495K, capacity 48476K, committed 49104K, reserved 1091584K
  class space    used 6193K, capacity 6530K, committed 6656K, reserved 1048576K
GC Heap History (10 events):
Event: 6,757 GC heap after
{Heap after GC invocations=9 (full 0):
 garbage-first heap   total 76800K, used 19746K [0x00000000c0000000, 0x0000000100000000)
  region size 1024K, 4 young (4096K), 4 survivors (4096K)
 Metaspace       used 35028K, capacity 35615K, committed 36048K, reserved 1081344K
  class space    used 4319K, capacity 4564K, committed 4608K, reserved 1048576K
}
Event: 9,214 GC heap before
{Heap before GC invocations=10 (full 0):
 garbage-first heap   total 76800K, used 47394K [0x00000000c0000000, 0x0000000100000000)
  region size 1024K, 31 young (31744K), 4 survivors (4096K)
 Metaspace       used 37280K, capacity 37960K, committed 38480K, reserved 1083392K
  class space    used 4720K, capacity 4983K, committed 4992K, reserved 1048576K
}
Event: 9,254 GC heap after
{Heap after GC invocations=11 (full 0):
 garbage-first heap   total 97280K, used 21586K [0x00000000c0000000, 0x0000000100000000)
  region size 1024K, 4 young (4096K), 4 survivors (4096K)
 Metaspace       used 37280K, capacity 37960K, committed 38480K, reserved 1083392K
  class space    used 4720K, capacity 4983K, committed 4992K, reserved 1048576K
}
Event: 14,329 GC heap before
{Heap before GC invocations=11 (full 0):
 garbage-first heap   total 97280K, used 58450K [0x00000000c0000000, 0x0000000100000000)
  region size 1024K, 40 young (40960K), 4 survivors (4096K)
 Metaspace       used 41081K, capacity 41846K, committed 42448K, reserved 1085440K
  class space    used 5348K, capacity 5613K, committed 5632K, reserved 1048576K
}
Event: 14,460 GC heap after
{Heap after GC invocations=12 (full 0):
 garbage-first heap   total 97280K, used 23400K [0x00000000c0000000, 0x0000000100000000)
  region size 1024K, 4 young (4096K), 4 survivors (4096K)
 Metaspace       used 41081K, capacity 41846K, committed 42448K, reserved 1085440K
  class space    used 5348K, capacity 5613K, committed 5632K, reserved 1048576K
}
Event: 32,934 GC heap before
{Heap before GC invocations=12 (full 0):
 garbage-first heap   total 97280K, used 63336K [0x00000000c0000000, 0x0000000100000000)
  region size 1024K, 43 young (44032K), 4 survivors (4096K)
 Metaspace       used 45806K, capacity 46711K, committed 47312K, reserved 1089536K
  class space    used 6045K, capacity 6356K, committed 6400K, reserved 1048576K
}
Event: 33,291 GC heap after
{Heap after GC invocations=13 (full 0):
 garbage-first heap   total 97280K, used 26636K [0x00000000c0000000, 0x0000000100000000)
  region size 1024K, 5 young (5120K), 5 survivors (5120K)
 Metaspace       used 45806K, capacity 46711K, committed 47312K, reserved 1089536K
  class space    used 6045K, capacity 6356K, committed 6400K, reserved 1048576K
}
Event: 109,311 GC heap before
{Heap before GC invocations=13 (full 0):
 garbage-first heap   total 97280K, used 67596K [0x00000000c0000000, 0x0000000100000000)
  region size 1024K, 45 young (46080K), 5 survivors (5120K)
 Metaspace       used 47494K, capacity 48476K, committed 49104K, reserved 1091584K
  class space    used 6193K, capacity 6530K, committed 6656K, reserved 1048576K
}
Event: 110,416 GC heap after
{Heap after GC invocations=14 (full 0):
 garbage-first heap   total 97280K, used 29493K [0x00000000c0000000, 0x0000000100000000)
  region size 1024K, 3 young (3072K), 3 survivors (3072K)
 Metaspace       used 47494K, capacity 48476K, committed 49104K, reserved 1091584K
  class space    used 6193K, capacity 6530K, committed 6656K, reserved 1048576K
}
Event: 112,401 GC heap before
{Heap before GC invocations=14 (full 0):
 garbage-first heap   total 97280K, used 30517K [0x00000000c0000000, 0x0000000100000000)
  region size 1024K, 4 young (4096K), 3 survivors (3072K)
 Metaspace       used 47495K, capacity 48476K, committed 49104K, reserved 1091584K
  class space    used 6193K, capacity 6530K, committed 6656K, reserved 1048576K
}

